[debug] [2018-06-07T20:06:38.419Z] ----------------------------------------------------------------------
[debug] [2018-06-07T20:06:38.426Z] Command:       C:\Program Files\nodejs\node.exe C:\Users\Jair.Chan\AppData\Roaming\npm\node_modules\firebase-tools\bin\firebase init
[debug] [2018-06-07T20:06:38.426Z] CLI Version:   3.18.6
[debug] [2018-06-07T20:06:38.427Z] Platform:      win32
[debug] [2018-06-07T20:06:38.427Z] Node Version:  v8.11.1
[debug] [2018-06-07T20:06:38.428Z] Time:          Thu Jun 07 2018 15:06:38 GMT-0500 (Hora de verano central (México))
[debug] [2018-06-07T20:06:38.428Z] ----------------------------------------------------------------------
[debug] 
[debug] [2018-06-07T20:06:38.456Z] > command requires scopes: ["email","openid","https://www.googleapis.com/auth/cloudplatformprojects.readonly","https://www.googleapis.com/auth/firebase"]
[debug] [2018-06-07T20:06:38.457Z] > authorizing via signed-in user
[info] 
     ######## #### ########  ######## ########     ###     ######  ########
     ##        ##  ##     ## ##       ##     ##  ##   ##  ##       ##
     ######    ##  ########  ######   ########  #########  ######  ######
     ##        ##  ##    ##  ##       ##     ## ##     ##       ## ##
     ##       #### ##     ## ######## ########  ##     ##  ######  ########

You're about to initialize a Firebase project in this directory:

  C:\Users\Jair.Chan\Desktop\finalCambalache

Before we get started, keep in mind:

  * You are initializing in an existing Firebase project directory

[info] 
=== Project Setup
[info] 
[info] First, let's associate this project directory with a Firebase project.
[info] You can create multiple project aliases by running firebase use --add, 
[info] but for now we'll just set up a default project.
[info] 
[debug] [2018-06-07T20:06:49.186Z] > refreshing access token with scopes: ["email","https://www.googleapis.com/auth/cloudplatformprojects.readonly","https://www.googleapis.com/auth/firebase","openid"]
[debug] [2018-06-07T20:06:49.186Z] >>> HTTP REQUEST POST https://www.googleapis.com/oauth2/v3/token  
 { refresh_token: '1/OG7r-ieg-TFx0Xmi9_nFXHzDQHS1nPbRuaZqnVknd3k',
  client_id: '563584335869-fgrhgmd47bqnekij5i8b5pr03ho849e6.apps.googleusercontent.com',
  client_secret: 'j9iVZfS8kkCEFUPaAeJV0sAi',
  grant_type: 'refresh_token',
  scope: 'email https://www.googleapis.com/auth/cloudplatformprojects.readonly https://www.googleapis.com/auth/firebase openid' } 
 Thu Jun 07 2018 15:06:49 GMT-0500 (Hora de verano central (México))
[debug] [2018-06-07T20:06:49.588Z] <<< HTTP RESPONSE 200
[debug] [2018-06-07T20:06:49.635Z] >>> HTTP REQUEST GET https://admin.firebase.com/v1/projects  
  
 Thu Jun 07 2018 15:06:49 GMT-0500 (Hora de verano central (México))
[debug] [2018-06-07T20:06:50.494Z] <<< HTTP RESPONSE 200
[info] i  .firebaserc already has a default project, skipping
[info] 
=== Hosting Setup
[info] 
[info] Your public directory is the folder (relative to your project directory) that
[info] will contain Hosting assets to be uploaded with firebase deploy. If you
[info] have a build process for your assets, use your build's output directory.
[info] 
[info] +  Wrote dist/finalCambalache/404.html
[debug] [2018-06-07T20:07:40.335Z] >>> HTTP REQUEST GET https://www.gstatic.com/firebasejs/releases.json  
  
 Thu Jun 07 2018 15:07:40 GMT-0500 (Hora de verano central (México))
[debug] [2018-06-07T20:07:40.605Z] <<< HTTP RESPONSE 200
